<?xml version="1.0" encoding="UTF-8"?>
<!-- Generated by org.testng.reporters.JUnitReportReporter -->
<testsuite hostname="tq-monster" name="Capabilities" tests="1" failures="0" timestamp="28 Feb 2016 23:10:46 GMT" time="11.128" errors="0">
  <testcase name="testAppium" time="11.128" classname="Capabilities"/>
</testsuite> <!-- Capabilities -->
